<?xml version="1.0" encoding="UTF-8"?>
<!-- Generated by org.testng.reporters.JUnitReportReporter -->
<testsuite hostname="Johnsy" failures="0" tests="1" name="firstappium.Swipe" time="33.205" errors="0" timestamp="2023-05-09T17:04:45 IST" skipped="0">
  <testcase classname="firstappium.Swipe" name="swipegalary" time="33.205"/>
  <system-out/>
</testsuite> <!-- firstappium.Swipe -->
