<?xml version="1.0" encoding="UTF-8"?>
<!-- Generated by org.testng.reporters.JUnitReportReporter -->
<testsuite hostname="Johnsy" failures="0" tests="1" name="drivermethods.Installation" time="19.637" errors="0" timestamp="2023-05-16T23:24:38 IST" skipped="0">
  <testcase classname="drivermethods.Installation" name="installApp" time="19.637"/>
  <system-out/>
</testsuite> <!-- drivermethods.Installation -->
