<?xml version="1.0" encoding="UTF-8"?>
<!-- Generated by org.testng.reporters.JUnitReportReporter -->
<testsuite hostname="Johnsy" failures="0" tests="1" name="firstappium.Scanario3" time="22.582" errors="0" timestamp="2023-05-09T11:34:09 IST" skipped="0">
  <testcase classname="firstappium.Scanario3" name="dragAndDrop" time="22.582"/>
  <system-out/>
</testsuite> <!-- firstappium.Scanario3 -->
