<?xml version="1.0" encoding="UTF-8"?>
<!-- Generated by org.testng.reporters.JUnitReportReporter -->
<testsuite hostname="Johnsy" failures="0" tests="1" name="firstappium.ZoomINZoomOut" time="16.315" errors="0" timestamp="2023-05-09T11:52:25 IST" skipped="0">
  <testcase classname="firstappium.ZoomINZoomOut" name="imageZoom" time="16.315"/>
  <system-out/>
</testsuite> <!-- firstappium.ZoomINZoomOut -->
