<?xml version="1.0" encoding="UTF-8"?>
<!-- Generated by org.testng.reporters.JUnitReportReporter -->
<testsuite hostname="Johnsy" failures="0" tests="1" name="firstappium.BackgroundChangerApp" time="13.490" errors="0" timestamp="2023-05-08T15:09:30 IST" skipped="0">
  <testcase classname="firstappium.BackgroundChangerApp" name="openBackground" time="13.490"/>
  <system-out/>
</testsuite> <!-- firstappium.BackgroundChangerApp -->
