<?xml version="1.0" encoding="UTF-8"?>
<!-- Generated by org.testng.reporters.JUnitReportReporter -->
<testsuite hostname="Johnsy" failures="0" tests="1" name="drivermethods.OpenNotification" time="82.215" errors="0" timestamp="2023-05-14T22:08:29 IST" skipped="0">
  <testcase classname="drivermethods.OpenNotification" name="openNotify" time="82.215"/>
  <system-out/>
</testsuite> <!-- drivermethods.OpenNotification -->
