<?xml version="1.0" encoding="UTF-8"?>
<!-- Generated by org.testng.reporters.JUnitReportReporter -->
<testsuite hostname="Johnsy" failures="0" tests="1" name="firstappium.OpeningDemoAPI" time="17.178" errors="0" timestamp="2023-05-08T15:49:50 IST" skipped="0">
  <testcase classname="firstappium.OpeningDemoAPI" name="openDemo" time="17.178"/>
  <system-out/>
</testsuite> <!-- firstappium.OpeningDemoAPI -->
