<?xml version="1.0" encoding="UTF-8"?>
<!-- Generated by org.testng.reporters.JUnitReportReporter -->
<testsuite hostname="Johnsy" failures="0" tests="1" name="firstappium.LongPress" time="18.911" errors="0" timestamp="2023-05-16T22:13:26 IST" skipped="0">
  <testcase classname="firstappium.LongPress" name="gestorsEx" time="18.911"/>
  <system-out/>
</testsuite> <!-- firstappium.LongPress -->
