<?xml version="1.0" encoding="UTF-8"?>
<!-- Generated by org.testng.reporters.JUnitReportReporter -->
<testsuite hostname="Johnsy" failures="0" tests="1" name="drivermethods.UnlockPhone" time="48.387" errors="0" timestamp="2023-05-14T21:58:40 IST" skipped="0">
  <testcase classname="drivermethods.UnlockPhone" name="unlockPin" time="48.387"/>
  <system-out/>
</testsuite> <!-- drivermethods.UnlockPhone -->
