<?xml version="1.0" encoding="UTF-8"?>
<!-- Generated by org.testng.reporters.JUnitReportReporter -->
<testsuite hostname="Johnsy" failures="0" tests="1" name="firstappium.ScrollBar" time="17.742" errors="0" timestamp="2023-05-16T22:19:35 IST" skipped="0">
  <testcase classname="firstappium.ScrollBar" name="scroll" time="17.742"/>
  <system-out/>
</testsuite> <!-- firstappium.ScrollBar -->
