<?xml version="1.0" encoding="UTF-8"?>
<!-- Generated by org.testng.reporters.JUnitReportReporter -->
<testsuite hostname="Johnsy" failures="0" tests="1" name="firstappium.Calculator" time="15.880" errors="0" timestamp="2023-05-08T12:37:15 IST" skipped="0">
  <testcase classname="firstappium.Calculator" name="openCalc" time="15.880"/>
  <system-out/>
</testsuite> <!-- firstappium.Calculator -->
